# JRE version: Java(TM) SE Runtime Environment (23.0+37) (build 23+37-2369)
# Java VM: Java HotSpot(TM) 64-Bit Server VM (23+37-2369, mixed mode, sharing, tiered, compressed oops, compressed class ptrs, g1 gc, windows-amd64)
GC Precious Log:
 CardTable entry size: 512
 Card Set container configuration: InlinePtr #cards 5 size 8 Array Of Cards #cards 10 size 36 Howl #buckets 4 coarsen threshold 1843 Howl Bitmap #cards 512 size 80 coarsen threshold 460 Card regions per heap region 1 cards per card region 2048
 CPUs: 4 total, 4 available
 Memory: 8060M
 Large Page Support: Disabled
 NUMA Support: Disabled
 Compressed Oops: Enabled (32-bit)
 Heap Region Size: 1M
 Heap Min Capacity: 8M
 Heap Initial Capacity: 126M
 Heap Max Capacity: 2G
 Pre-touch: Disabled
 Parallel Workers: 4
 Concurrent Workers: 1
 Concurrent Refinement Workers: 4
 Periodic GC: Disabled
Heap:
 garbage-first heap   total reserved 2097152K, committed 150528K, used 120983K [0x0000000080000000, 0x0000000100000000)
  region size 1024K, 34 young (34816K), 3 survivors (3072K)
 Metaspace       used 78195K, committed 80512K, reserved 557056K
  class space    used 11328K, committed 12416K, reserved 425984K
GC Heap History (20 events):
Event: 453.636 GC heap before
{Heap before GC invocations=33 (full 0):
 garbage-first heap   total reserved 2097152K, committed 104448K, used 89603K [0x0000000080000000, 0x0000000100000000)
  region size 1024K, 29 young (29696K), 2 survivors (2048K)
 Metaspace       used 69630K, committed 71744K, reserved 491520K
  class space    used 10183K, committed 11200K, reserved 425984K
}
Event: 453.643 GC heap after
{Heap after GC invocations=34 (full 0):
 garbage-first heap   total reserved 2097152K, committed 104448K, used 63154K [0x0000000080000000, 0x0000000100000000)
  region size 1024K, 4 young (4096K), 4 survivors (4096K)
 Metaspace       used 69630K, committed 71744K, reserved 491520K
  class space    used 10183K, committed 11200K, reserved 425984K
}
Event: 471.995 GC heap before
{Heap before GC invocations=34 (full 0):
 garbage-first heap   total reserved 2097152K, committed 104448K, used 91826K [0x0000000080000000, 0x0000000100000000)
  region size 1024K, 33 young (33792K), 4 survivors (4096K)
 Metaspace       used 70552K, committed 72640K, reserved 491520K
  class space    used 10323K, committed 11328K, reserved 425984K
}
Event: 472.011 GC heap after
{Heap after GC invocations=35 (full 0):
 garbage-first heap   total reserved 2097152K, committed 104448K, used 63915K [0x0000000080000000, 0x0000000100000000)
  region size 1024K, 4 young (4096K), 4 survivors (4096K)
 Metaspace       used 70552K, committed 72640K, reserved 491520K
  class space    used 10323K, committed 11328K, reserved 425984K
}
Event: 497.611 GC heap before
{Heap before GC invocations=35 (full 0):
 garbage-first heap   total reserved 2097152K, committed 104448K, used 93611K [0x0000000080000000, 0x0000000100000000)
  region size 1024K, 33 young (33792K), 4 survivors (4096K)
 Metaspace       used 71211K, committed 73408K, reserved 491520K
  class space    used 10395K, committed 11456K, reserved 425984K
}
Event: 497.631 GC heap after
{Heap after GC invocations=36 (full 0):
 garbage-first heap   total reserved 2097152K, committed 104448K, used 67084K [0x0000000080000000, 0x0000000100000000)
  region size 1024K, 5 young (5120K), 5 survivors (5120K)
 Metaspace       used 71211K, committed 73408K, reserved 491520K
  class space    used 10395K, committed 11456K, reserved 425984K
}
Event: 502.491 GC heap before
{Heap before GC invocations=37 (full 0):
 garbage-first heap   total reserved 2097152K, committed 112640K, used 91660K [0x0000000080000000, 0x0000000100000000)
  region size 1024K, 30 young (30720K), 5 survivors (5120K)
 Metaspace       used 71685K, committed 73920K, reserved 491520K
  class space    used 10436K, committed 11520K, reserved 425984K
}
Event: 502.505 GC heap after
{Heap after GC invocations=38 (full 0):
 garbage-first heap   total reserved 2097152K, committed 112640K, used 67865K [0x0000000080000000, 0x0000000100000000)
  region size 1024K, 2 young (2048K), 2 survivors (2048K)
 Metaspace       used 71685K, committed 73920K, reserved 491520K
  class space    used 10436K, committed 11520K, reserved 425984K
}
Event: 518.919 GC heap before
{Heap before GC invocations=38 (full 0):
 garbage-first heap   total reserved 2097152K, committed 112640K, used 99609K [0x0000000080000000, 0x0000000100000000)
  region size 1024K, 34 young (34816K), 2 survivors (2048K)
 Metaspace       used 71857K, committed 74112K, reserved 491520K
  class space    used 10436K, committed 11520K, reserved 425984K
}
Event: 518.929 GC heap after
{Heap after GC invocations=39 (full 0):
 garbage-first heap   total reserved 2097152K, committed 112640K, used 71042K [0x0000000080000000, 0x0000000100000000)
  region size 1024K, 5 young (5120K), 5 survivors (5120K)
 Metaspace       used 71857K, committed 74112K, reserved 491520K
  class space    used 10436K, committed 11520K, reserved 425984K
}
Event: 519.043 GC heap before
{Heap before GC invocations=39 (full 0):
 garbage-first heap   total reserved 2097152K, committed 112640K, used 73090K [0x0000000080000000, 0x0000000100000000)
  region size 1024K, 8 young (8192K), 5 survivors (5120K)
 Metaspace       used 71885K, committed 74176K, reserved 491520K
  class space    used 10437K, committed 11520K, reserved 425984K
}
Event: 519.054 GC heap after
{Heap after GC invocations=40 (full 0):
 garbage-first heap   total reserved 2097152K, committed 112640K, used 72251K [0x0000000080000000, 0x0000000100000000)
  region size 1024K, 1 young (1024K), 1 survivors (1024K)
 Metaspace       used 71885K, committed 74176K, reserved 491520K
  class space    used 10437K, committed 11520K, reserved 425984K
}
Event: 521.646 GC heap before
{Heap before GC invocations=41 (full 0):
 garbage-first heap   total reserved 2097152K, committed 128000K, used 113211K [0x0000000080000000, 0x0000000100000000)
  region size 1024K, 30 young (30720K), 1 survivors (1024K)
 Metaspace       used 73968K, committed 76224K, reserved 491520K
  class space    used 10748K, committed 11840K, reserved 425984K
}
Event: 521.652 GC heap after
{Heap after GC invocations=42 (full 0):
 garbage-first heap   total reserved 2097152K, committed 128000K, used 87810K [0x0000000080000000, 0x0000000100000000)
  region size 1024K, 4 young (4096K), 4 survivors (4096K)
 Metaspace       used 73968K, committed 76224K, reserved 491520K
  class space    used 10748K, committed 11840K, reserved 425984K
}
Event: 540.266 GC heap before
{Heap before GC invocations=42 (full 0):
 garbage-first heap   total reserved 2097152K, committed 128000K, used 116482K [0x0000000080000000, 0x0000000100000000)
  region size 1024K, 32 young (32768K), 4 survivors (4096K)
 Metaspace       used 75837K, committed 78080K, reserved 557056K
  class space    used 10993K, committed 12096K, reserved 425984K
}
Event: 540.276 GC heap after
{Heap after GC invocations=43 (full 0):
 garbage-first heap   total reserved 2097152K, committed 128000K, used 87828K [0x0000000080000000, 0x0000000100000000)
  region size 1024K, 2 young (2048K), 2 survivors (2048K)
 Metaspace       used 75837K, committed 78080K, reserved 557056K
  class space    used 10993K, committed 12096K, reserved 425984K
}
Event: 549.403 GC heap before
{Heap before GC invocations=43 (full 0):
 garbage-first heap   total reserved 2097152K, committed 128000K, used 116500K [0x0000000080000000, 0x0000000100000000)
  region size 1024K, 31 young (31744K), 2 survivors (2048K)
 Metaspace       used 77107K, committed 79424K, reserved 557056K
  class space    used 11177K, committed 12288K, reserved 425984K
}
Event: 549.413 GC heap after
{Heap after GC invocations=44 (full 0):
 garbage-first heap   total reserved 2097152K, committed 128000K, used 89032K [0x0000000080000000, 0x0000000100000000)
  region size 1024K, 3 young (3072K), 3 survivors (3072K)
 Metaspace       used 77107K, committed 79424K, reserved 557056K
  class space    used 11177K, committed 12288K, reserved 425984K
}
Event: 578.829 GC heap before
{Heap before GC invocations=45 (full 0):
 garbage-first heap   total reserved 2097152K, committed 150528K, used 115656K [0x0000000080000000, 0x0000000100000000)
  region size 1024K, 29 young (29696K), 3 survivors (3072K)
 Metaspace       used 77731K, committed 80064K, reserved 557056K
  class space    used 11265K, committed 12352K, reserved 425984K
}
Event: 578.839 GC heap after
{Heap after GC invocations=46 (full 0):
 garbage-first heap   total reserved 2097152K, committed 150528K, used 90263K [0x0000000080000000, 0x0000000100000000)
  region size 1024K, 3 young (3072K), 3 survivors (3072K)
 Metaspace       used 77731K, committed 80064K, reserved 557056K
  class space    used 11265K, committed 12352K, reserved 425984K
}

