# JRE version: Java(TM) SE Runtime Environment (23.0+37) (build 23+37-2369)
# Java VM: Java HotSpot(TM) 64-Bit Server VM (23+37-2369, mixed mode, sharing, tiered, compressed oops, compressed class ptrs, g1 gc, windows-amd64)
GC Precious Log:
 CardTable entry size: 512
 Card Set container configuration: InlinePtr #cards 5 size 8 Array Of Cards #cards 10 size 36 Howl #buckets 4 coarsen threshold 1843 Howl Bitmap #cards 512 size 80 coarsen threshold 460 Card regions per heap region 1 cards per card region 2048
 CPUs: 4 total, 4 available
 Memory: 8060M
 Large Page Support: Disabled
 NUMA Support: Disabled
 Compressed Oops: Enabled (32-bit)
 Heap Region Size: 1M
 Heap Min Capacity: 8M
 Heap Initial Capacity: 126M
 Heap Max Capacity: 2G
 Pre-touch: Disabled
 Parallel Workers: 4
 Concurrent Workers: 1
 Concurrent Refinement Workers: 4
 Periodic GC: Disabled
Heap:
 garbage-first heap   total reserved 2097152K, committed 143360K, used 91174K [0x0000000080000000, 0x0000000100000000)
  region size 1024K, 6 young (6144K), 4 survivors (4096K)
 Metaspace       used 78129K, committed 80384K, reserved 557056K
  class space    used 11304K, committed 12352K, reserved 425984K
GC Heap History (20 events):
Event: 359.676 GC heap before
{Heap before GC invocations=33 (full 0):
 garbage-first heap   total reserved 2097152K, committed 106496K, used 90098K [0x0000000080000000, 0x0000000100000000)
  region size 1024K, 30 young (30720K), 3 survivors (3072K)
 Metaspace       used 69573K, committed 71680K, reserved 491520K
  class space    used 10163K, committed 11136K, reserved 425984K
}
Event: 359.683 GC heap after
{Heap after GC invocations=34 (full 0):
 garbage-first heap   total reserved 2097152K, committed 106496K, used 63832K [0x0000000080000000, 0x0000000100000000)
  region size 1024K, 4 young (4096K), 4 survivors (4096K)
 Metaspace       used 69573K, committed 71680K, reserved 491520K
  class space    used 10163K, committed 11136K, reserved 425984K
}
Event: 374.051 GC heap before
{Heap before GC invocations=34 (full 0):
 garbage-first heap   total reserved 2097152K, committed 106496K, used 84312K [0x0000000080000000, 0x0000000100000000)
  region size 1024K, 24 young (24576K), 4 survivors (4096K)
 Metaspace       used 70197K, committed 72320K, reserved 491520K
  class space    used 10261K, committed 11264K, reserved 425984K
}
Event: 374.063 GC heap after
{Heap after GC invocations=35 (full 0):
 garbage-first heap   total reserved 2097152K, committed 106496K, used 66169K [0x0000000080000000, 0x0000000100000000)
  region size 1024K, 3 young (3072K), 3 survivors (3072K)
 Metaspace       used 70197K, committed 72320K, reserved 491520K
  class space    used 10261K, committed 11264K, reserved 425984K
}
Event: 396.835 GC heap before
{Heap before GC invocations=35 (full 0):
 garbage-first heap   total reserved 2097152K, committed 106496K, used 95865K [0x0000000080000000, 0x0000000100000000)
  region size 1024K, 33 young (33792K), 3 survivors (3072K)
 Metaspace       used 71027K, committed 73152K, reserved 491520K
  class space    used 10364K, committed 11392K, reserved 425984K
}
Event: 396.842 GC heap after
{Heap after GC invocations=36 (full 0):
 garbage-first heap   total reserved 2097152K, committed 106496K, used 66532K [0x0000000080000000, 0x0000000100000000)
  region size 1024K, 3 young (3072K), 3 survivors (3072K)
 Metaspace       used 71027K, committed 73152K, reserved 491520K
  class space    used 10364K, committed 11392K, reserved 425984K
}
Event: 433.649 GC heap before
{Heap before GC invocations=36 (full 0):
 garbage-first heap   total reserved 2097152K, committed 106496K, used 96228K [0x0000000080000000, 0x0000000100000000)
  region size 1024K, 32 young (32768K), 3 survivors (3072K)
 Metaspace       used 71308K, committed 73408K, reserved 491520K
  class space    used 10394K, committed 11392K, reserved 425984K
}
Event: 433.685 GC heap after
{Heap after GC invocations=37 (full 0):
 garbage-first heap   total reserved 2097152K, committed 106496K, used 67638K [0x0000000080000000, 0x0000000100000000)
  region size 1024K, 3 young (3072K), 3 survivors (3072K)
 Metaspace       used 71308K, committed 73408K, reserved 491520K
  class space    used 10394K, committed 11392K, reserved 425984K
}
Event: 451.732 GC heap before
{Heap before GC invocations=38 (full 0):
 garbage-first heap   total reserved 2097152K, committed 114688K, used 95286K [0x0000000080000000, 0x0000000100000000)
  region size 1024K, 30 young (30720K), 3 survivors (3072K)
 Metaspace       used 71718K, committed 73920K, reserved 491520K
  class space    used 10421K, committed 11456K, reserved 425984K
}
Event: 451.752 GC heap after
{Heap after GC invocations=39 (full 0):
 garbage-first heap   total reserved 2097152K, committed 114688K, used 71462K [0x0000000080000000, 0x0000000100000000)
  region size 1024K, 4 young (4096K), 4 survivors (4096K)
 Metaspace       used 71718K, committed 73920K, reserved 491520K
  class space    used 10421K, committed 11456K, reserved 425984K
}
Event: 485.282 GC heap before
{Heap before GC invocations=39 (full 0):
 garbage-first heap   total reserved 2097152K, committed 114688K, used 113446K [0x0000000080000000, 0x0000000100000000)
  region size 1024K, 34 young (34816K), 4 survivors (4096K)
 Metaspace       used 72614K, committed 74816K, reserved 491520K
  class space    used 10547K, committed 11584K, reserved 425984K
}
Event: 485.298 GC heap after
{Heap after GC invocations=40 (full 0):
 garbage-first heap   total reserved 2097152K, committed 121856K, used 84043K [0x0000000080000000, 0x0000000100000000)
  region size 1024K, 3 young (3072K), 3 survivors (3072K)
 Metaspace       used 72614K, committed 74816K, reserved 491520K
  class space    used 10547K, committed 11584K, reserved 425984K
}
Event: 488.895 GC heap before
{Heap before GC invocations=40 (full 0):
 garbage-first heap   total reserved 2097152K, committed 121856K, used 109643K [0x0000000080000000, 0x0000000100000000)
  region size 1024K, 29 young (29696K), 3 survivors (3072K)
 Metaspace       used 74691K, committed 76864K, reserved 557056K
  class space    used 10831K, committed 11840K, reserved 425984K
}
Event: 488.905 GC heap after
{Heap after GC invocations=41 (full 0):
 garbage-first heap   total reserved 2097152K, committed 121856K, used 85912K [0x0000000080000000, 0x0000000100000000)
  region size 1024K, 2 young (2048K), 2 survivors (2048K)
 Metaspace       used 74691K, committed 76864K, reserved 557056K
  class space    used 10831K, committed 11840K, reserved 425984K
}
Event: 505.994 GC heap before
{Heap before GC invocations=42 (full 0):
 garbage-first heap   total reserved 2097152K, committed 143360K, used 111512K [0x0000000080000000, 0x0000000100000000)
  region size 1024K, 28 young (28672K), 2 survivors (2048K)
 Metaspace       used 75774K, committed 78016K, reserved 557056K
  class space    used 10977K, committed 12032K, reserved 425984K
}
Event: 506.001 GC heap after
{Heap after GC invocations=43 (full 0):
 garbage-first heap   total reserved 2097152K, committed 143360K, used 88953K [0x0000000080000000, 0x0000000100000000)
  region size 1024K, 4 young (4096K), 4 survivors (4096K)
 Metaspace       used 75774K, committed 78016K, reserved 557056K
  class space    used 10977K, committed 12032K, reserved 425984K
}
Event: 561.064 GC heap before
{Heap before GC invocations=43 (full 0):
 garbage-first heap   total reserved 2097152K, committed 143360K, used 129913K [0x0000000080000000, 0x0000000100000000)
  region size 1024K, 45 young (46080K), 4 survivors (4096K)
 Metaspace       used 77653K, committed 79872K, reserved 557056K
  class space    used 11249K, committed 12288K, reserved 425984K
}
Event: 561.376 GC heap after
{Heap after GC invocations=44 (full 0):
 garbage-first heap   total reserved 2097152K, committed 143360K, used 89625K [0x0000000080000000, 0x0000000100000000)
  region size 1024K, 4 young (4096K), 4 survivors (4096K)
 Metaspace       used 77653K, committed 79872K, reserved 557056K
  class space    used 11249K, committed 12288K, reserved 425984K
}
Event: 615.169 GC heap before
{Heap before GC invocations=44 (full 0):
 garbage-first heap   total reserved 2097152K, committed 143360K, used 131609K [0x0000000080000000, 0x0000000100000000)
  region size 1024K, 45 young (46080K), 4 survivors (4096K)
 Metaspace       used 78067K, committed 80384K, reserved 557056K
  class space    used 11295K, committed 12352K, reserved 425984K
}
Event: 615.393 GC heap after
{Heap after GC invocations=45 (full 0):
 garbage-first heap   total reserved 2097152K, committed 143360K, used 90150K [0x0000000080000000, 0x0000000100000000)
  region size 1024K, 4 young (4096K), 4 survivors (4096K)
 Metaspace       used 78067K, committed 80384K, reserved 557056K
  class space    used 11295K, committed 12352K, reserved 425984K
}

