# JRE version: Java(TM) SE Runtime Environment (23.0+37) (build 23+37-2369)
# Java VM: Java HotSpot(TM) 64-Bit Server VM (23+37-2369, mixed mode, sharing, tiered, compressed oops, compressed class ptrs, g1 gc, windows-amd64)
GC Precious Log:
 CardTable entry size: 512
 Card Set container configuration: InlinePtr #cards 5 size 8 Array Of Cards #cards 10 size 36 Howl #buckets 4 coarsen threshold 1843 Howl Bitmap #cards 512 size 80 coarsen threshold 460 Card regions per heap region 1 cards per card region 2048
 CPUs: 4 total, 4 available
 Memory: 8060M
 Large Page Support: Disabled
 NUMA Support: Disabled
 Compressed Oops: Enabled (32-bit)
 Heap Region Size: 1M
 Heap Min Capacity: 8M
 Heap Initial Capacity: 126M
 Heap Max Capacity: 2G
 Pre-touch: Disabled
 Parallel Workers: 4
 Concurrent Workers: 1
 Concurrent Refinement Workers: 4
 Periodic GC: Disabled
Heap:
 garbage-first heap   total reserved 2097152K, committed 186368K, used 99666K [0x0000000080000000, 0x0000000100000000)
  region size 1024K, 14 young (14336K), 2 survivors (2048K)
 Metaspace       used 78406K, committed 80704K, reserved 557056K
  class space    used 11367K, committed 12416K, reserved 425984K
GC Heap History (20 events):
Event: 563.169 GC heap before
{Heap before GC invocations=33 (full 0):
 garbage-first heap   total reserved 2097152K, committed 109568K, used 98005K [0x0000000080000000, 0x0000000100000000)
  region size 1024K, 35 young (35840K), 4 survivors (4096K)
 Metaspace       used 71677K, committed 73856K, reserved 491520K
  class space    used 10422K, committed 11456K, reserved 425984K
}
Event: 563.181 GC heap after
{Heap after GC invocations=34 (full 0):
 garbage-first heap   total reserved 2097152K, committed 109568K, used 68439K [0x0000000080000000, 0x0000000100000000)
  region size 1024K, 4 young (4096K), 4 survivors (4096K)
 Metaspace       used 71677K, committed 73856K, reserved 491520K
  class space    used 10422K, committed 11456K, reserved 425984K
}
Event: 566.634 GC heap before
{Heap before GC invocations=35 (full 0):
 garbage-first heap   total reserved 2097152K, committed 116736K, used 100183K [0x0000000080000000, 0x0000000100000000)
  region size 1024K, 32 young (32768K), 4 survivors (4096K)
 Metaspace       used 71913K, committed 74048K, reserved 491520K
  class space    used 10432K, committed 11456K, reserved 425984K
}
Event: 566.645 GC heap after
{Heap after GC invocations=36 (full 0):
 garbage-first heap   total reserved 2097152K, committed 116736K, used 72690K [0x0000000080000000, 0x0000000100000000)
  region size 1024K, 2 young (2048K), 2 survivors (2048K)
 Metaspace       used 71913K, committed 74048K, reserved 491520K
  class space    used 10432K, committed 11456K, reserved 425984K
}
Event: 566.991 GC heap before
{Heap before GC invocations=36 (full 0):
 garbage-first heap   total reserved 2097152K, committed 116736K, used 75762K [0x0000000080000000, 0x0000000100000000)
  region size 1024K, 5 young (5120K), 2 survivors (2048K)
 Metaspace       used 72094K, committed 74304K, reserved 491520K
  class space    used 10468K, committed 11520K, reserved 425984K
}
Event: 566.996 GC heap after
{Heap after GC invocations=37 (full 0):
 garbage-first heap   total reserved 2097152K, committed 116736K, used 72314K [0x0000000080000000, 0x0000000100000000)
  region size 1024K, 1 young (1024K), 1 survivors (1024K)
 Metaspace       used 72094K, committed 74304K, reserved 491520K
  class space    used 10468K, committed 11520K, reserved 425984K
}
Event: 569.520 GC heap before
{Heap before GC invocations=37 (full 0):
 garbage-first heap   total reserved 2097152K, committed 116736K, used 92794K [0x0000000080000000, 0x0000000100000000)
  region size 1024K, 14 young (14336K), 1 survivors (1024K)
 Metaspace       used 73084K, committed 75328K, reserved 491520K
  class space    used 10615K, committed 11648K, reserved 425984K
}
Event: 569.527 GC heap after
{Heap after GC invocations=38 (full 0):
 garbage-first heap   total reserved 2097152K, committed 116736K, used 82380K [0x0000000080000000, 0x0000000100000000)
  region size 1024K, 2 young (2048K), 2 survivors (2048K)
 Metaspace       used 73084K, committed 75328K, reserved 491520K
  class space    used 10615K, committed 11648K, reserved 425984K
}
Event: 572.145 GC heap before
{Heap before GC invocations=38 (full 0):
 garbage-first heap   total reserved 2097152K, committed 116736K, used 105932K [0x0000000080000000, 0x0000000100000000)
  region size 1024K, 26 young (26624K), 2 survivors (2048K)
 Metaspace       used 74966K, committed 77184K, reserved 557056K
  class space    used 10874K, committed 11904K, reserved 425984K
}
Event: 572.150 GC heap after
{Heap after GC invocations=39 (full 0):
 garbage-first heap   total reserved 2097152K, committed 116736K, used 83681K [0x0000000080000000, 0x0000000100000000)
  region size 1024K, 4 young (4096K), 4 survivors (4096K)
 Metaspace       used 74966K, committed 77184K, reserved 557056K
  class space    used 10874K, committed 11904K, reserved 425984K
}
Event: 574.572 GC heap before
{Heap before GC invocations=39 (full 0):
 garbage-first heap   total reserved 2097152K, committed 116736K, used 104161K [0x0000000080000000, 0x0000000100000000)
  region size 1024K, 24 young (24576K), 4 survivors (4096K)
 Metaspace       used 75793K, committed 78016K, reserved 557056K
  class space    used 10978K, committed 12032K, reserved 425984K
}
Event: 574.656 GC heap after
{Heap after GC invocations=40 (full 0):
 garbage-first heap   total reserved 2097152K, committed 116736K, used 86877K [0x0000000080000000, 0x0000000100000000)
  region size 1024K, 3 young (3072K), 3 survivors (3072K)
 Metaspace       used 75793K, committed 78016K, reserved 557056K
  class space    used 10978K, committed 12032K, reserved 425984K
}
Event: 578.668 GC heap before
{Heap before GC invocations=40 (full 0):
 garbage-first heap   total reserved 2097152K, committed 116736K, used 105309K [0x0000000080000000, 0x0000000100000000)
  region size 1024K, 22 young (22528K), 3 survivors (3072K)
 Metaspace       used 76876K, committed 79104K, reserved 557056K
  class space    used 11131K, committed 12160K, reserved 425984K
}
Event: 578.678 GC heap after
{Heap after GC invocations=41 (full 0):
 garbage-first heap   total reserved 2097152K, committed 116736K, used 87638K [0x0000000080000000, 0x0000000100000000)
  region size 1024K, 2 young (2048K), 2 survivors (2048K)
 Metaspace       used 76876K, committed 79104K, reserved 557056K
  class space    used 11131K, committed 12160K, reserved 425984K
}
Event: 596.755 GC heap before
{Heap before GC invocations=42 (full 0):
 garbage-first heap   total reserved 2097152K, committed 148480K, used 105046K [0x0000000080000000, 0x0000000100000000)
  region size 1024K, 19 young (19456K), 2 survivors (2048K)
 Metaspace       used 77603K, committed 79872K, reserved 557056K
  class space    used 11249K, committed 12352K, reserved 425984K
}
Event: 596.761 GC heap after
{Heap after GC invocations=43 (full 0):
 garbage-first heap   total reserved 2097152K, committed 148480K, used 88753K [0x0000000080000000, 0x0000000100000000)
  region size 1024K, 3 young (3072K), 3 survivors (3072K)
 Metaspace       used 77603K, committed 79872K, reserved 557056K
  class space    used 11249K, committed 12352K, reserved 425984K
}
Event: 600.342 GC heap before
{Heap before GC invocations=43 (full 0):
 garbage-first heap   total reserved 2097152K, committed 148480K, used 101041K [0x0000000080000000, 0x0000000100000000)
  region size 1024K, 15 young (15360K), 3 survivors (3072K)
 Metaspace       used 77712K, committed 80000K, reserved 557056K
  class space    used 11250K, committed 12352K, reserved 425984K
}
Event: 600.480 GC heap after
{Heap after GC invocations=44 (full 0):
 garbage-first heap   total reserved 2097152K, committed 148480K, used 89092K [0x0000000080000000, 0x0000000100000000)
  region size 1024K, 2 young (2048K), 2 survivors (2048K)
 Metaspace       used 77712K, committed 80000K, reserved 557056K
  class space    used 11250K, committed 12352K, reserved 425984K
}
Event: 602.293 GC heap before
{Heap before GC invocations=44 (full 0):
 garbage-first heap   total reserved 2097152K, committed 148480K, used 104452K [0x0000000080000000, 0x0000000100000000)
  region size 1024K, 18 young (18432K), 2 survivors (2048K)
 Metaspace       used 77807K, committed 80064K, reserved 557056K
  class space    used 11259K, committed 12352K, reserved 425984K
}
Event: 602.304 GC heap after
{Heap after GC invocations=45 (full 0):
 garbage-first heap   total reserved 2097152K, committed 186368K, used 88402K [0x0000000080000000, 0x0000000100000000)
  region size 1024K, 2 young (2048K), 2 survivors (2048K)
 Metaspace       used 77807K, committed 80064K, reserved 557056K
  class space    used 11259K, committed 12352K, reserved 425984K
}

