# JRE version: Java(TM) SE Runtime Environment (23.0+37) (build 23+37-2369)
# Java VM: Java HotSpot(TM) 64-Bit Server VM (23+37-2369, mixed mode, sharing, tiered, compressed oops, compressed class ptrs, g1 gc, windows-amd64)
GC Precious Log:
 CardTable entry size: 512
 Card Set container configuration: InlinePtr #cards 5 size 8 Array Of Cards #cards 10 size 36 Howl #buckets 4 coarsen threshold 1843 Howl Bitmap #cards 512 size 80 coarsen threshold 460 Card regions per heap region 1 cards per card region 2048
 CPUs: 4 total, 4 available
 Memory: 8060M
 Large Page Support: Disabled
 NUMA Support: Disabled
 Compressed Oops: Enabled (32-bit)
 Heap Region Size: 1M
 Heap Min Capacity: 8M
 Heap Initial Capacity: 126M
 Heap Max Capacity: 2G
 Pre-touch: Disabled
 Parallel Workers: 4
 Concurrent Workers: 1
 Concurrent Refinement Workers: 4
 Periodic GC: Disabled
Heap:
 garbage-first heap   total reserved 2097152K, committed 119808K, used 85811K [0x0000000080000000, 0x0000000100000000)
  region size 1024K, 3 young (3072K), 2 survivors (2048K)
 Metaspace       used 74839K, committed 77056K, reserved 557056K
  class space    used 10859K, committed 11904K, reserved 425984K
GC Heap History (20 events):
Event: 428.162 GC heap before
{Heap before GC invocations=21 (full 0):
 garbage-first heap   total reserved 2097152K, committed 108544K, used 61829K [0x0000000080000000, 0x0000000100000000)
  region size 1024K, 12 young (12288K), 3 survivors (3072K)
 Metaspace       used 58918K, committed 60800K, reserved 491520K
  class space    used 8599K, committed 9472K, reserved 425984K
}
Event: 428.183 GC heap after
{Heap after GC invocations=22 (full 0):
 garbage-first heap   total reserved 2097152K, committed 108544K, used 54122K [0x0000000080000000, 0x0000000100000000)
  region size 1024K, 3 young (3072K), 3 survivors (3072K)
 Metaspace       used 58918K, committed 60800K, reserved 491520K
  class space    used 8599K, committed 9472K, reserved 425984K
}
Event: 450.228 GC heap before
{Heap before GC invocations=23 (full 0):
 garbage-first heap   total reserved 2097152K, committed 108544K, used 99178K [0x0000000080000000, 0x0000000100000000)
  region size 1024K, 45 young (46080K), 3 survivors (3072K)
 Metaspace       used 62632K, committed 64576K, reserved 491520K
  class space    used 9109K, committed 10048K, reserved 425984K
}
Event: 450.239 GC heap after
{Heap after GC invocations=24 (full 0):
 garbage-first heap   total reserved 2097152K, committed 108544K, used 57967K [0x0000000080000000, 0x0000000100000000)
  region size 1024K, 5 young (5120K), 5 survivors (5120K)
 Metaspace       used 62632K, committed 64576K, reserved 491520K
  class space    used 9109K, committed 10048K, reserved 425984K
}
Event: 458.540 GC heap before
{Heap before GC invocations=24 (full 0):
 garbage-first heap   total reserved 2097152K, committed 108544K, used 96879K [0x0000000080000000, 0x0000000100000000)
  region size 1024K, 43 young (44032K), 5 survivors (5120K)
 Metaspace       used 66669K, committed 68736K, reserved 491520K
  class space    used 9687K, committed 10624K, reserved 425984K
}
Event: 458.561 GC heap after
{Heap after GC invocations=25 (full 0):
 garbage-first heap   total reserved 2097152K, committed 108544K, used 59082K [0x0000000080000000, 0x0000000100000000)
  region size 1024K, 5 young (5120K), 5 survivors (5120K)
 Metaspace       used 66669K, committed 68736K, reserved 491520K
  class space    used 9687K, committed 10624K, reserved 425984K
}
Event: 461.035 GC heap before
{Heap before GC invocations=25 (full 0):
 garbage-first heap   total reserved 2097152K, committed 108544K, used 79562K [0x0000000080000000, 0x0000000100000000)
  region size 1024K, 26 young (26624K), 5 survivors (5120K)
 Metaspace       used 68319K, committed 70400K, reserved 491520K
  class space    used 9968K, committed 10944K, reserved 425984K
}
Event: 461.045 GC heap after
{Heap after GC invocations=26 (full 0):
 garbage-first heap   total reserved 2097152K, committed 108544K, used 59875K [0x0000000080000000, 0x0000000100000000)
  region size 1024K, 3 young (3072K), 3 survivors (3072K)
 Metaspace       used 68319K, committed 70400K, reserved 491520K
  class space    used 9968K, committed 10944K, reserved 425984K
}
Event: 466.174 GC heap before
{Heap before GC invocations=27 (full 0):
 garbage-first heap   total reserved 2097152K, committed 108544K, used 101859K [0x0000000080000000, 0x0000000100000000)
  region size 1024K, 41 young (41984K), 3 survivors (3072K)
 Metaspace       used 70258K, committed 72384K, reserved 491520K
  class space    used 10272K, committed 11264K, reserved 425984K
}
Event: 466.182 GC heap after
{Heap after GC invocations=28 (full 0):
 garbage-first heap   total reserved 2097152K, committed 108544K, used 65290K [0x0000000080000000, 0x0000000100000000)
  region size 1024K, 5 young (5120K), 5 survivors (5120K)
 Metaspace       used 70258K, committed 72384K, reserved 491520K
  class space    used 10272K, committed 11264K, reserved 425984K
}
Event: 494.087 GC heap before
{Heap before GC invocations=28 (full 0):
 garbage-first heap   total reserved 2097152K, committed 108544K, used 96010K [0x0000000080000000, 0x0000000100000000)
  region size 1024K, 36 young (36864K), 5 survivors (5120K)
 Metaspace       used 71067K, committed 73216K, reserved 491520K
  class space    used 10375K, committed 11392K, reserved 425984K
}
Event: 494.107 GC heap after
{Heap after GC invocations=29 (full 0):
 garbage-first heap   total reserved 2097152K, committed 108544K, used 65035K [0x0000000080000000, 0x0000000100000000)
  region size 1024K, 3 young (3072K), 3 survivors (3072K)
 Metaspace       used 71067K, committed 73216K, reserved 491520K
  class space    used 10375K, committed 11392K, reserved 425984K
}
Event: 525.073 GC heap before
{Heap before GC invocations=29 (full 0):
 garbage-first heap   total reserved 2097152K, committed 108544K, used 97803K [0x0000000080000000, 0x0000000100000000)
  region size 1024K, 36 young (36864K), 3 survivors (3072K)
 Metaspace       used 71391K, committed 73536K, reserved 491520K
  class space    used 10403K, committed 11392K, reserved 425984K
}
Event: 525.093 GC heap after
{Heap after GC invocations=30 (full 0):
 garbage-first heap   total reserved 2097152K, committed 108544K, used 66567K [0x0000000080000000, 0x0000000100000000)
  region size 1024K, 3 young (3072K), 3 survivors (3072K)
 Metaspace       used 71391K, committed 73536K, reserved 491520K
  class space    used 10403K, committed 11392K, reserved 425984K
}
Event: 551.869 GC heap before
{Heap before GC invocations=31 (full 0):
 garbage-first heap   total reserved 2097152K, committed 112640K, used 98311K [0x0000000080000000, 0x0000000100000000)
  region size 1024K, 34 young (34816K), 3 survivors (3072K)
 Metaspace       used 71759K, committed 73984K, reserved 491520K
  class space    used 10430K, committed 11456K, reserved 425984K
}
Event: 551.884 GC heap after
{Heap after GC invocations=32 (full 0):
 garbage-first heap   total reserved 2097152K, committed 112640K, used 70390K [0x0000000080000000, 0x0000000100000000)
  region size 1024K, 5 young (5120K), 5 survivors (5120K)
 Metaspace       used 71759K, committed 73984K, reserved 491520K
  class space    used 10430K, committed 11456K, reserved 425984K
}
Event: 555.833 GC heap before
{Heap before GC invocations=32 (full 0):
 garbage-first heap   total reserved 2097152K, committed 112640K, used 111350K [0x0000000080000000, 0x0000000100000000)
  region size 1024K, 34 young (34816K), 5 survivors (5120K)
 Metaspace       used 72813K, committed 74944K, reserved 491520K
  class space    used 10587K, committed 11584K, reserved 425984K
}
Event: 555.859 GC heap after
{Heap after GC invocations=33 (full 0):
 garbage-first heap   total reserved 2097152K, committed 119808K, used 83736K [0x0000000080000000, 0x0000000100000000)
  region size 1024K, 3 young (3072K), 3 survivors (3072K)
 Metaspace       used 72813K, committed 74944K, reserved 491520K
  class space    used 10587K, committed 11584K, reserved 425984K
}
Event: 560.412 GC heap before
{Heap before GC invocations=33 (full 0):
 garbage-first heap   total reserved 2097152K, committed 119808K, used 109336K [0x0000000080000000, 0x0000000100000000)
  region size 1024K, 28 young (28672K), 3 survivors (3072K)
 Metaspace       used 74770K, committed 76992K, reserved 557056K
  class space    used 10849K, committed 11904K, reserved 425984K
}
Event: 560.420 GC heap after
{Heap after GC invocations=34 (full 0):
 garbage-first heap   total reserved 2097152K, committed 119808K, used 85811K [0x0000000080000000, 0x0000000100000000)
  region size 1024K, 2 young (2048K), 2 survivors (2048K)
 Metaspace       used 74770K, committed 76992K, reserved 557056K
  class space    used 10849K, committed 11904K, reserved 425984K
}

